<?xml version="1.0" encoding="UTF-8"?>
<testng-results ignored="0" total="8" passed="8" failed="0" skipped="0">
  <reporter-output>
  </reporter-output>
  <suite started-at="2023-12-07T18:00:31 WIB" name="All Test Suite" finished-at="2023-12-07T18:01:03 WIB" duration-ms="32036">
    <groups>
      <group name="cucumber">
        <method signature="AbstractTestNGCucumberTests.runScenario(io.cucumber.testng.PickleWrapper,io.cucumber.testng.FeatureWrapper)[pri:0, instance:com.shidqiadiatma.runners.testRunner@765d7657]" name="runScenario" class="io.cucumber.testng.AbstractTestNGCucumberTests"/>
      </group> <!-- cucumber -->
    </groups>
    <test started-at="2023-12-07T18:00:31 WIB" name="Login Test" finished-at="2023-12-07T18:01:03 WIB" duration-ms="32036">
      <class name="com.shidqiadiatma.runners.testRunner">
        <test-method is-config="true" signature="setUpClass(org.testng.ITestContext)[pri:0, instance:com.shidqiadiatma.runners.testRunner@765d7657]" started-at="2023-12-07T18:00:31 WIB" name="setUpClass" finished-at="2023-12-07T18:00:32 WIB" duration-ms="670" status="PASS">
          <params>
            <param index="0">
              <value>
                <![CDATA[org.testng.TestRunner@36b4fe2a]]>
              </value>
            </param>
          </params>
          <reporter-output>
          </reporter-output>
        </test-method> <!-- setUpClass -->
        <test-method is-config="true" signature="setupBrowser()[pri:0, instance:com.shidqiadiatma.runners.testRunner@765d7657]" started-at="2023-12-07T18:00:32 WIB" name="setupBrowser" finished-at="2023-12-07T18:00:34 WIB" duration-ms="2075" status="PASS">
          <reporter-output>
          </reporter-output>
        </test-method> <!-- setupBrowser -->
        <test-method signature="runScenario(io.cucumber.testng.PickleWrapper,io.cucumber.testng.FeatureWrapper)[pri:0, instance:com.shidqiadiatma.runners.testRunner@765d7657]" started-at="2023-12-07T18:00:34 WIB" name="runScenario" description="Runs Cucumber Scenarios" data-provider="scenarios" finished-at="2023-12-07T18:00:37 WIB" duration-ms="2799" status="PASS">
          <params>
            <param index="0">
              <value>
                <![CDATA["As a user, I should be able to log in using correct registered data on secondhand-binaracademy"]]>
              </value>
            </param>
            <param index="1">
              <value>
                <![CDATA["Login"]]>
              </value>
            </param>
          </params>
          <reporter-output>
          </reporter-output>
        </test-method> <!-- runScenario -->
        <test-method is-config="true" signature="teardownBrowser()[pri:0, instance:com.shidqiadiatma.runners.testRunner@765d7657]" started-at="2023-12-07T18:00:37 WIB" name="teardownBrowser" finished-at="2023-12-07T18:00:37 WIB" duration-ms="102" status="PASS">
          <reporter-output>
          </reporter-output>
        </test-method> <!-- teardownBrowser -->
        <test-method is-config="true" signature="setupBrowser()[pri:0, instance:com.shidqiadiatma.runners.testRunner@765d7657]" started-at="2023-12-07T18:00:37 WIB" name="setupBrowser" finished-at="2023-12-07T18:00:37 WIB" duration-ms="754" status="PASS">
          <reporter-output>
          </reporter-output>
        </test-method> <!-- setupBrowser -->
        <test-method signature="runScenario(io.cucumber.testng.PickleWrapper,io.cucumber.testng.FeatureWrapper)[pri:0, instance:com.shidqiadiatma.runners.testRunner@765d7657]" started-at="2023-12-07T18:00:37 WIB" name="runScenario" description="Runs Cucumber Scenarios" data-provider="scenarios" finished-at="2023-12-07T18:00:40 WIB" duration-ms="2767" status="PASS">
          <params>
            <param index="0">
              <value>
                <![CDATA["As a user, I can't log in using wrong password to secondhand-binaracademy"]]>
              </value>
            </param>
            <param index="1">
              <value>
                <![CDATA["Login"]]>
              </value>
            </param>
          </params>
          <reporter-output>
          </reporter-output>
        </test-method> <!-- runScenario -->
        <test-method is-config="true" signature="teardownBrowser()[pri:0, instance:com.shidqiadiatma.runners.testRunner@765d7657]" started-at="2023-12-07T18:00:40 WIB" name="teardownBrowser" finished-at="2023-12-07T18:00:40 WIB" duration-ms="94" status="PASS">
          <reporter-output>
          </reporter-output>
        </test-method> <!-- teardownBrowser -->
        <test-method is-config="true" signature="setupBrowser()[pri:0, instance:com.shidqiadiatma.runners.testRunner@765d7657]" started-at="2023-12-07T18:00:40 WIB" name="setupBrowser" finished-at="2023-12-07T18:00:41 WIB" duration-ms="843" status="PASS">
          <reporter-output>
          </reporter-output>
        </test-method> <!-- setupBrowser -->
        <test-method signature="runScenario(io.cucumber.testng.PickleWrapper,io.cucumber.testng.FeatureWrapper)[pri:0, instance:com.shidqiadiatma.runners.testRunner@765d7657]" started-at="2023-12-07T18:00:41 WIB" name="runScenario" description="Runs Cucumber Scenarios" data-provider="scenarios" finished-at="2023-12-07T18:00:44 WIB" duration-ms="3112" status="PASS">
          <params>
            <param index="0">
              <value>
                <![CDATA["As a user, I should be able to register with an unregistered email on secondhand-binaracademy."]]>
              </value>
            </param>
            <param index="1">
              <value>
                <![CDATA["Register"]]>
              </value>
            </param>
          </params>
          <reporter-output>
          </reporter-output>
        </test-method> <!-- runScenario -->
        <test-method is-config="true" signature="teardownBrowser()[pri:0, instance:com.shidqiadiatma.runners.testRunner@765d7657]" started-at="2023-12-07T18:00:44 WIB" name="teardownBrowser" finished-at="2023-12-07T18:00:44 WIB" duration-ms="118" status="PASS">
          <reporter-output>
          </reporter-output>
        </test-method> <!-- teardownBrowser -->
        <test-method is-config="true" signature="setupBrowser()[pri:0, instance:com.shidqiadiatma.runners.testRunner@765d7657]" started-at="2023-12-07T18:00:44 WIB" name="setupBrowser" finished-at="2023-12-07T18:00:45 WIB" duration-ms="904" status="PASS">
          <reporter-output>
          </reporter-output>
        </test-method> <!-- setupBrowser -->
        <test-method signature="runScenario(io.cucumber.testng.PickleWrapper,io.cucumber.testng.FeatureWrapper)[pri:0, instance:com.shidqiadiatma.runners.testRunner@765d7657]" started-at="2023-12-07T18:00:45 WIB" name="runScenario" description="Runs Cucumber Scenarios" data-provider="scenarios" finished-at="2023-12-07T18:00:47 WIB" duration-ms="2254" status="PASS">
          <params>
            <param index="0">
              <value>
                <![CDATA["As a user, I shouldn't be able to register with a registered email on secondhand-binaracademy."]]>
              </value>
            </param>
            <param index="1">
              <value>
                <![CDATA["Register"]]>
              </value>
            </param>
          </params>
          <reporter-output>
          </reporter-output>
        </test-method> <!-- runScenario -->
        <test-method is-config="true" signature="teardownBrowser()[pri:0, instance:com.shidqiadiatma.runners.testRunner@765d7657]" started-at="2023-12-07T18:00:47 WIB" name="teardownBrowser" finished-at="2023-12-07T18:00:48 WIB" duration-ms="93" status="PASS">
          <reporter-output>
          </reporter-output>
        </test-method> <!-- teardownBrowser -->
        <test-method is-config="true" signature="setupBrowser()[pri:0, instance:com.shidqiadiatma.runners.testRunner@765d7657]" started-at="2023-12-07T18:00:48 WIB" name="setupBrowser" finished-at="2023-12-07T18:00:48 WIB" duration-ms="750" status="PASS">
          <reporter-output>
          </reporter-output>
        </test-method> <!-- setupBrowser -->
        <test-method signature="runScenario(io.cucumber.testng.PickleWrapper,io.cucumber.testng.FeatureWrapper)[pri:0, instance:com.shidqiadiatma.runners.testRunner@765d7657]" started-at="2023-12-07T18:00:48 WIB" name="runScenario" description="Runs Cucumber Scenarios" data-provider="scenarios" finished-at="2023-12-07T18:00:52 WIB" duration-ms="3377" status="PASS">
          <params>
            <param index="0">
              <value>
                <![CDATA["As a user, I should be able to sell the product"]]>
              </value>
            </param>
            <param index="1">
              <value>
                <![CDATA["Update Profile"]]>
              </value>
            </param>
          </params>
          <reporter-output>
          </reporter-output>
        </test-method> <!-- runScenario -->
        <test-method is-config="true" signature="teardownBrowser()[pri:0, instance:com.shidqiadiatma.runners.testRunner@765d7657]" started-at="2023-12-07T18:00:52 WIB" name="teardownBrowser" finished-at="2023-12-07T18:00:52 WIB" duration-ms="117" status="PASS">
          <reporter-output>
          </reporter-output>
        </test-method> <!-- teardownBrowser -->
        <test-method is-config="true" signature="setupBrowser()[pri:0, instance:com.shidqiadiatma.runners.testRunner@765d7657]" started-at="2023-12-07T18:00:52 WIB" name="setupBrowser" finished-at="2023-12-07T18:00:53 WIB" duration-ms="917" status="PASS">
          <reporter-output>
          </reporter-output>
        </test-method> <!-- setupBrowser -->
        <test-method signature="runScenario(io.cucumber.testng.PickleWrapper,io.cucumber.testng.FeatureWrapper)[pri:0, instance:com.shidqiadiatma.runners.testRunner@765d7657]" started-at="2023-12-07T18:00:53 WIB" name="runScenario" description="Runs Cucumber Scenarios" data-provider="scenarios" finished-at="2023-12-07T18:00:56 WIB" duration-ms="3260" status="PASS">
          <params>
            <param index="0">
              <value>
                <![CDATA["As a user, I can preview the product before selling it."]]>
              </value>
            </param>
            <param index="1">
              <value>
                <![CDATA["Update Profile"]]>
              </value>
            </param>
          </params>
          <reporter-output>
          </reporter-output>
        </test-method> <!-- runScenario -->
        <test-method is-config="true" signature="teardownBrowser()[pri:0, instance:com.shidqiadiatma.runners.testRunner@765d7657]" started-at="2023-12-07T18:00:56 WIB" name="teardownBrowser" finished-at="2023-12-07T18:00:56 WIB" duration-ms="81" status="PASS">
          <reporter-output>
          </reporter-output>
        </test-method> <!-- teardownBrowser -->
        <test-method is-config="true" signature="setupBrowser()[pri:0, instance:com.shidqiadiatma.runners.testRunner@765d7657]" started-at="2023-12-07T18:00:56 WIB" name="setupBrowser" finished-at="2023-12-07T18:00:57 WIB" duration-ms="883" status="PASS">
          <reporter-output>
          </reporter-output>
        </test-method> <!-- setupBrowser -->
        <test-method signature="runScenario(io.cucumber.testng.PickleWrapper,io.cucumber.testng.FeatureWrapper)[pri:0, instance:com.shidqiadiatma.runners.testRunner@765d7657]" started-at="2023-12-07T18:00:57 WIB" name="runScenario" description="Runs Cucumber Scenarios" data-provider="scenarios" finished-at="2023-12-07T18:00:58 WIB" duration-ms="1210" status="PASS">
          <params>
            <param index="0">
              <value>
                <![CDATA["As a user, I can't sell product if i not login"]]>
              </value>
            </param>
            <param index="1">
              <value>
                <![CDATA["Update Profile"]]>
              </value>
            </param>
          </params>
          <reporter-output>
          </reporter-output>
        </test-method> <!-- runScenario -->
        <test-method is-config="true" signature="teardownBrowser()[pri:0, instance:com.shidqiadiatma.runners.testRunner@765d7657]" started-at="2023-12-07T18:00:58 WIB" name="teardownBrowser" finished-at="2023-12-07T18:00:58 WIB" duration-ms="89" status="PASS">
          <reporter-output>
          </reporter-output>
        </test-method> <!-- teardownBrowser -->
        <test-method is-config="true" signature="setupBrowser()[pri:0, instance:com.shidqiadiatma.runners.testRunner@765d7657]" started-at="2023-12-07T18:00:58 WIB" name="setupBrowser" finished-at="2023-12-07T18:00:59 WIB" duration-ms="791" status="PASS">
          <reporter-output>
          </reporter-output>
        </test-method> <!-- setupBrowser -->
        <test-method signature="runScenario(io.cucumber.testng.PickleWrapper,io.cucumber.testng.FeatureWrapper)[pri:0, instance:com.shidqiadiatma.runners.testRunner@765d7657]" started-at="2023-12-07T18:00:59 WIB" name="runScenario" description="Runs Cucumber Scenarios" data-provider="scenarios" finished-at="2023-12-07T18:01:03 WIB" duration-ms="3494" status="PASS">
          <params>
            <param index="0">
              <value>
                <![CDATA["As a user, I should be able to update profile"]]>
              </value>
            </param>
            <param index="1">
              <value>
                <![CDATA["Update Profile"]]>
              </value>
            </param>
          </params>
          <reporter-output>
          </reporter-output>
        </test-method> <!-- runScenario -->
        <test-method is-config="true" signature="teardownBrowser()[pri:0, instance:com.shidqiadiatma.runners.testRunner@765d7657]" started-at="2023-12-07T18:01:03 WIB" name="teardownBrowser" finished-at="2023-12-07T18:01:03 WIB" duration-ms="81" status="PASS">
          <reporter-output>
          </reporter-output>
        </test-method> <!-- teardownBrowser -->
        <test-method is-config="true" signature="tearDownClass()[pri:0, instance:com.shidqiadiatma.runners.testRunner@765d7657]" started-at="2023-12-07T18:01:03 WIB" name="tearDownClass" finished-at="2023-12-07T18:01:03 WIB" duration-ms="357" status="PASS">
          <reporter-output>
          </reporter-output>
        </test-method> <!-- tearDownClass -->
      </class> <!-- com.shidqiadiatma.runners.testRunner -->
    </test> <!-- Login Test -->
  </suite> <!-- All Test Suite -->
</testng-results>
