<?xml version="1.0" encoding="UTF-8"?>
<testng-results ignored="0" total="6" passed="6" failed="0" skipped="0">
  <reporter-output>
  </reporter-output>
  <suite started-at="2023-12-04T23:04:39 WIB" name="All Test Suite" finished-at="2023-12-04T23:05:11 WIB" duration-ms="32304">
    <groups>
      <group name="cucumber">
        <method signature="AbstractTestNGCucumberTests.runScenario(io.cucumber.testng.PickleWrapper,io.cucumber.testng.FeatureWrapper)[pri:0, instance:com.shidqiadiatma.runners.testRunner@765d7657]" name="runScenario" class="io.cucumber.testng.AbstractTestNGCucumberTests"/>
      </group> <!-- cucumber -->
    </groups>
    <test started-at="2023-12-04T23:04:39 WIB" name="Login Test" finished-at="2023-12-04T23:05:11 WIB" duration-ms="32304">
      <class name="com.shidqiadiatma.runners.testRunner">
        <test-method is-config="true" signature="setUpClass(org.testng.ITestContext)[pri:0, instance:com.shidqiadiatma.runners.testRunner@765d7657]" started-at="2023-12-04T23:04:39 WIB" name="setUpClass" finished-at="2023-12-04T23:04:41 WIB" duration-ms="1389" status="PASS">
          <params>
            <param index="0">
              <value>
                <![CDATA[org.testng.TestRunner@45ca843]]>
              </value>
            </param>
          </params>
          <reporter-output>
          </reporter-output>
        </test-method> <!-- setUpClass -->
        <test-method is-config="true" signature="setupBrowser()[pri:0, instance:com.shidqiadiatma.runners.testRunner@765d7657]" started-at="2023-12-04T23:04:41 WIB" name="setupBrowser" finished-at="2023-12-04T23:04:43 WIB" duration-ms="2527" status="PASS">
          <reporter-output>
          </reporter-output>
        </test-method> <!-- setupBrowser -->
        <test-method signature="runScenario(io.cucumber.testng.PickleWrapper,io.cucumber.testng.FeatureWrapper)[pri:0, instance:com.shidqiadiatma.runners.testRunner@765d7657]" started-at="2023-12-04T23:04:43 WIB" name="runScenario" description="Runs Cucumber Scenarios" data-provider="scenarios" finished-at="2023-12-04T23:04:46 WIB" duration-ms="3038" status="PASS">
          <params>
            <param index="0">
              <value>
                <![CDATA["As a user, I should be able to log in using correct registered data on secondhand-binaracademy"]]>
              </value>
            </param>
            <param index="1">
              <value>
                <![CDATA["Login"]]>
              </value>
            </param>
          </params>
          <reporter-output>
          </reporter-output>
        </test-method> <!-- runScenario -->
        <test-method is-config="true" signature="teardownBrowser()[pri:0, instance:com.shidqiadiatma.runners.testRunner@765d7657]" started-at="2023-12-04T23:04:46 WIB" name="teardownBrowser" finished-at="2023-12-04T23:04:46 WIB" duration-ms="140" status="PASS">
          <reporter-output>
          </reporter-output>
        </test-method> <!-- teardownBrowser -->
        <test-method is-config="true" signature="setupBrowser()[pri:0, instance:com.shidqiadiatma.runners.testRunner@765d7657]" started-at="2023-12-04T23:04:46 WIB" name="setupBrowser" finished-at="2023-12-04T23:04:47 WIB" duration-ms="1108" status="PASS">
          <reporter-output>
          </reporter-output>
        </test-method> <!-- setupBrowser -->
        <test-method signature="runScenario(io.cucumber.testng.PickleWrapper,io.cucumber.testng.FeatureWrapper)[pri:0, instance:com.shidqiadiatma.runners.testRunner@765d7657]" started-at="2023-12-04T23:04:47 WIB" name="runScenario" description="Runs Cucumber Scenarios" data-provider="scenarios" finished-at="2023-12-04T23:04:51 WIB" duration-ms="3556" status="PASS">
          <params>
            <param index="0">
              <value>
                <![CDATA["As a user, I can't log in using wrong password to secondhand-binaracademy"]]>
              </value>
            </param>
            <param index="1">
              <value>
                <![CDATA["Login"]]>
              </value>
            </param>
          </params>
          <reporter-output>
          </reporter-output>
        </test-method> <!-- runScenario -->
        <test-method is-config="true" signature="teardownBrowser()[pri:0, instance:com.shidqiadiatma.runners.testRunner@765d7657]" started-at="2023-12-04T23:04:51 WIB" name="teardownBrowser" finished-at="2023-12-04T23:04:51 WIB" duration-ms="138" status="PASS">
          <reporter-output>
          </reporter-output>
        </test-method> <!-- teardownBrowser -->
        <test-method is-config="true" signature="setupBrowser()[pri:0, instance:com.shidqiadiatma.runners.testRunner@765d7657]" started-at="2023-12-04T23:04:51 WIB" name="setupBrowser" finished-at="2023-12-04T23:04:52 WIB" duration-ms="1055" status="PASS">
          <reporter-output>
          </reporter-output>
        </test-method> <!-- setupBrowser -->
        <test-method signature="runScenario(io.cucumber.testng.PickleWrapper,io.cucumber.testng.FeatureWrapper)[pri:0, instance:com.shidqiadiatma.runners.testRunner@765d7657]" started-at="2023-12-04T23:04:52 WIB" name="runScenario" description="Runs Cucumber Scenarios" data-provider="scenarios" finished-at="2023-12-04T23:04:56 WIB" duration-ms="3533" status="PASS">
          <params>
            <param index="0">
              <value>
                <![CDATA["As a user, I should be able to register with an unregistered email on secondhand-binaracademy."]]>
              </value>
            </param>
            <param index="1">
              <value>
                <![CDATA["Register"]]>
              </value>
            </param>
          </params>
          <reporter-output>
          </reporter-output>
        </test-method> <!-- runScenario -->
        <test-method is-config="true" signature="teardownBrowser()[pri:0, instance:com.shidqiadiatma.runners.testRunner@765d7657]" started-at="2023-12-04T23:04:56 WIB" name="teardownBrowser" finished-at="2023-12-04T23:04:56 WIB" duration-ms="184" status="PASS">
          <reporter-output>
          </reporter-output>
        </test-method> <!-- teardownBrowser -->
        <test-method is-config="true" signature="setupBrowser()[pri:0, instance:com.shidqiadiatma.runners.testRunner@765d7657]" started-at="2023-12-04T23:04:56 WIB" name="setupBrowser" finished-at="2023-12-04T23:04:57 WIB" duration-ms="1160" status="PASS">
          <reporter-output>
          </reporter-output>
        </test-method> <!-- setupBrowser -->
        <test-method signature="runScenario(io.cucumber.testng.PickleWrapper,io.cucumber.testng.FeatureWrapper)[pri:0, instance:com.shidqiadiatma.runners.testRunner@765d7657]" started-at="2023-12-04T23:04:57 WIB" name="runScenario" description="Runs Cucumber Scenarios" data-provider="scenarios" finished-at="2023-12-04T23:05:01 WIB" duration-ms="3558" status="PASS">
          <params>
            <param index="0">
              <value>
                <![CDATA["As a user, I shouldn't be able to register with a registered email on secondhand-binaracademy."]]>
              </value>
            </param>
            <param index="1">
              <value>
                <![CDATA["Register"]]>
              </value>
            </param>
          </params>
          <reporter-output>
          </reporter-output>
        </test-method> <!-- runScenario -->
        <test-method is-config="true" signature="teardownBrowser()[pri:0, instance:com.shidqiadiatma.runners.testRunner@765d7657]" started-at="2023-12-04T23:05:01 WIB" name="teardownBrowser" finished-at="2023-12-04T23:05:01 WIB" duration-ms="132" status="PASS">
          <reporter-output>
          </reporter-output>
        </test-method> <!-- teardownBrowser -->
        <test-method is-config="true" signature="setupBrowser()[pri:0, instance:com.shidqiadiatma.runners.testRunner@765d7657]" started-at="2023-12-04T23:05:01 WIB" name="setupBrowser" finished-at="2023-12-04T23:05:02 WIB" duration-ms="1113" status="PASS">
          <reporter-output>
          </reporter-output>
        </test-method> <!-- setupBrowser -->
        <test-method signature="runScenario(io.cucumber.testng.PickleWrapper,io.cucumber.testng.FeatureWrapper)[pri:0, instance:com.shidqiadiatma.runners.testRunner@765d7657]" started-at="2023-12-04T23:05:02 WIB" name="runScenario" description="Runs Cucumber Scenarios" data-provider="scenarios" finished-at="2023-12-04T23:05:05 WIB" duration-ms="3518" status="PASS">
          <params>
            <param index="0">
              <value>
                <![CDATA["As a user, I should be able to update profile"]]>
              </value>
            </param>
            <param index="1">
              <value>
                <![CDATA["Update Profile"]]>
              </value>
            </param>
          </params>
          <reporter-output>
          </reporter-output>
        </test-method> <!-- runScenario -->
        <test-method is-config="true" signature="teardownBrowser()[pri:0, instance:com.shidqiadiatma.runners.testRunner@765d7657]" started-at="2023-12-04T23:05:05 WIB" name="teardownBrowser" finished-at="2023-12-04T23:05:05 WIB" duration-ms="123" status="PASS">
          <reporter-output>
          </reporter-output>
        </test-method> <!-- teardownBrowser -->
        <test-method is-config="true" signature="setupBrowser()[pri:0, instance:com.shidqiadiatma.runners.testRunner@765d7657]" started-at="2023-12-04T23:05:05 WIB" name="setupBrowser" finished-at="2023-12-04T23:05:07 WIB" duration-ms="1054" status="PASS">
          <reporter-output>
          </reporter-output>
        </test-method> <!-- setupBrowser -->
        <test-method signature="runScenario(io.cucumber.testng.PickleWrapper,io.cucumber.testng.FeatureWrapper)[pri:0, instance:com.shidqiadiatma.runners.testRunner@765d7657]" started-at="2023-12-04T23:05:07 WIB" name="runScenario" description="Runs Cucumber Scenarios" data-provider="scenarios" finished-at="2023-12-04T23:05:10 WIB" duration-ms="3987" status="PASS">
          <params>
            <param index="0">
              <value>
                <![CDATA["As a user, I should be able to update profile"]]>
              </value>
            </param>
            <param index="1">
              <value>
                <![CDATA["Update Profile"]]>
              </value>
            </param>
          </params>
          <reporter-output>
          </reporter-output>
        </test-method> <!-- runScenario -->
        <test-method is-config="true" signature="teardownBrowser()[pri:0, instance:com.shidqiadiatma.runners.testRunner@765d7657]" started-at="2023-12-04T23:05:11 WIB" name="teardownBrowser" finished-at="2023-12-04T23:05:11 WIB" duration-ms="148" status="PASS">
          <reporter-output>
          </reporter-output>
        </test-method> <!-- teardownBrowser -->
        <test-method is-config="true" signature="tearDownClass()[pri:0, instance:com.shidqiadiatma.runners.testRunner@765d7657]" started-at="2023-12-04T23:05:11 WIB" name="tearDownClass" finished-at="2023-12-04T23:05:11 WIB" duration-ms="757" status="PASS">
          <reporter-output>
          </reporter-output>
        </test-method> <!-- tearDownClass -->
      </class> <!-- com.shidqiadiatma.runners.testRunner -->
    </test> <!-- Login Test -->
  </suite> <!-- All Test Suite -->
</testng-results>
