<?xml version="1.0" encoding="UTF-8"?>
<testsuite xmlns:xsi="http://www.w3.org/2001/XMLSchema-instance" xsi:noNamespaceSchemaLocation="https://maven.apache.org/surefire/maven-surefire-plugin/xsd/surefire-test-report-3.0.xsd" version="3.0" name="TestSuite" time="33.844" tests="8" errors="0" skipped="0" failures="0">
  <properties>
[...]
</properties>
  <testcase name="runScenario[&quot;As a user, I should be able to log in using correct registered data on secondhand-binaracademy&quot;, &quot;Login&quot;](1)" classname="com.shidqiadiatma.runners.testRunner" time="2.666">
    <system-out><![CDATA[
@login @login @positive
Scenario: As a user, I should be able to log in using correct registered data on secondhand-binaracademy # src/test/java/com/shidqiadiatma/features/loginUser.feature:5
  Given user navigate to url "https://secondhand.binaracademy.org/users/sign_in"                         # com.shidqiadiatma.steps.commonStep.navigateToUrl(java.lang.String)
  When user login using "correct registered credential"                                                  # com.shidqiadiatma.steps.loginStep.loginAs(java.lang.String)
  Then user direct to dashboard screen                                                                   # com.shidqiadiatma.steps.registerStep.userDirectToDashboardScreen()
  * user take screenshot "user-login-successfully"                                                       # com.shidqiadiatma.steps.commonStep.user_take_screenshot(java.lang.String)
]]></system-out>
    <system-err><![CDATA[[TestNG-test=regression test - secondhand binar-1] INFO io.github.bonigarcia.wdm.WebDriverManager - Using chromedriver 120.0.6099.109 (resolved driver for Chrome 120)
[TestNG-test=regression test - secondhand binar-1] INFO io.github.bonigarcia.wdm.WebDriverManager - Exporting webdriver.chrome.driver as C:\Users\adiat\.cache\selenium\chromedriver\win64\120.0.6099.109\chromedriver.exe
Jan 24, 2024 9:47:57 PM org.openqa.selenium.devtools.CdpVersionFinder findNearestMatch
WARNING: Unable to find an exact match for CDP version 120, returning the closest version; found: 119; Please update to a Selenium version that supports CDP version 120
]]></system-err>
  </testcase>
  <testcase name="runScenario[&quot;As a user, I can&apos;t log in using wrong password to secondhand-binaracademy&quot;, &quot;Login&quot;](2)" classname="com.shidqiadiatma.runners.testRunner" time="2.431">
    <system-out><![CDATA[
@login @login @negative @smoke
Scenario Outline: As a user, I can't log in using wrong password to secondhand-binaracademy # src/test/java/com/shidqiadiatma/features/loginUser.feature:22
  Given user navigate to url "https://secondhand.binaracademy.org/users/sign_in"            # com.shidqiadiatma.steps.commonStep.navigateToUrl(java.lang.String)
  When user login using "wrong password"                                                    # com.shidqiadiatma.steps.loginStep.loginAs(java.lang.String)
  Then user verify snackbar error with value "Invalid Email or password." exists            # com.shidqiadiatma.steps.loginStep.userVerifySnackbarErrorWithValue(java.lang.String)
  * user take screenshot "user-failed-login"                                                # com.shidqiadiatma.steps.commonStep.user_take_screenshot(java.lang.String)
]]></system-out>
    <system-err><![CDATA[[TestNG-test=regression test - secondhand binar-1] INFO io.github.bonigarcia.wdm.WebDriverManager - Using chromedriver 120.0.6099.109 (resolved driver for Chrome 120)
[TestNG-test=regression test - secondhand binar-1] INFO io.github.bonigarcia.wdm.WebDriverManager - Exporting webdriver.chrome.driver as C:\Users\adiat\.cache\selenium\chromedriver\win64\120.0.6099.109\chromedriver.exe
Jan 24, 2024 9:48:00 PM org.openqa.selenium.devtools.CdpVersionFinder findNearestMatch
WARNING: Unable to find an exact match for CDP version 120, returning the closest version; found: 119; Please update to a Selenium version that supports CDP version 120
]]></system-err>
  </testcase>
  <testcase name="runScenario[&quot;As a user, I should be able to register with an unregistered email on secondhand-binaracademy.&quot;, &quot;Register&quot;](3)" classname="com.shidqiadiatma.runners.testRunner" time="2.624">
    <system-out><![CDATA[
@register @register @positive
Scenario: As a user, I should be able to register with an unregistered email on secondhand-binaracademy. # src/test/java/com/shidqiadiatma/features/registerUser.feature:5
  Given user navigate to url "https://secondhand.binaracademy.org/users/sign_up"                         # com.shidqiadiatma.steps.commonStep.navigateToUrl(java.lang.String)
  When user registration using "correct unregistered data"                                               # com.shidqiadiatma.steps.registerStep.userRegistrationUsing(java.lang.String)
  Then user direct to dashboard screen                                                                   # com.shidqiadiatma.steps.registerStep.userDirectToDashboardScreen()
  * user take screenshot "user-register-successfully"                                                    # com.shidqiadiatma.steps.commonStep.user_take_screenshot(java.lang.String)
]]></system-out>
    <system-err><![CDATA[[TestNG-test=regression test - secondhand binar-1] INFO io.github.bonigarcia.wdm.WebDriverManager - Using chromedriver 120.0.6099.109 (resolved driver for Chrome 120)
[TestNG-test=regression test - secondhand binar-1] INFO io.github.bonigarcia.wdm.WebDriverManager - Exporting webdriver.chrome.driver as C:\Users\adiat\.cache\selenium\chromedriver\win64\120.0.6099.109\chromedriver.exe
Jan 24, 2024 9:48:04 PM org.openqa.selenium.devtools.CdpVersionFinder findNearestMatch
WARNING: Unable to find an exact match for CDP version 120, returning the closest version; found: 119; Please update to a Selenium version that supports CDP version 120
]]></system-err>
  </testcase>
  <testcase name="runScenario[&quot;As a user, I shouldn&apos;t be able to register with a registered email on secondhand-binaracademy.&quot;, &quot;Register&quot;](4)" classname="com.shidqiadiatma.runners.testRunner" time="2.512">
    <system-out><![CDATA[
@register @register @negative
Scenario Outline: As a user, I shouldn't be able to register with a registered email on secondhand-binaracademy. # src/test/java/com/shidqiadiatma/features/registerUser.feature:20
  Given user navigate to url "https://secondhand.binaracademy.org/users/sign_up"                                 # com.shidqiadiatma.steps.commonStep.navigateToUrl(java.lang.String)
  When user registration using "registered data"                                                                 # com.shidqiadiatma.steps.registerStep.userRegistrationUsing(java.lang.String)
  Then user verify inline error with value "Email has already been taken" exists                                 # com.shidqiadiatma.steps.registerStep.userVerifyInlineErrorWithValue(java.lang.String)
  * user take screenshot "user-failed-register"                                                                  # com.shidqiadiatma.steps.commonStep.user_take_screenshot(java.lang.String)
]]></system-out>
    <system-err><![CDATA[[TestNG-test=regression test - secondhand binar-1] INFO io.github.bonigarcia.wdm.WebDriverManager - Using chromedriver 120.0.6099.109 (resolved driver for Chrome 120)
[TestNG-test=regression test - secondhand binar-1] INFO io.github.bonigarcia.wdm.WebDriverManager - Exporting webdriver.chrome.driver as C:\Users\adiat\.cache\selenium\chromedriver\win64\120.0.6099.109\chromedriver.exe
Jan 24, 2024 9:48:07 PM org.openqa.selenium.devtools.CdpVersionFinder findNearestMatch
WARNING: Unable to find an exact match for CDP version 120, returning the closest version; found: 119; Please update to a Selenium version that supports CDP version 120
]]></system-err>
  </testcase>
  <testcase name="runScenario[&quot;As a user, I should be able to sell the product&quot;, &quot;Update Profile&quot;](5)" classname="com.shidqiadiatma.runners.testRunner" time="2.975">
    <system-out><![CDATA[
@sell @sell @positive
Scenario: As a user, I should be able to sell the product                        # src/test/java/com/shidqiadiatma/features/sellProduct.feature:5
  Given user navigate to url "https://secondhand.binaracademy.org/users/sign_in" # com.shidqiadiatma.steps.commonStep.navigateToUrl(java.lang.String)
  When user login using "correct registered credential"                          # com.shidqiadiatma.steps.loginStep.loginAs(java.lang.String)
  * user click jual button                                                       # com.shidqiadiatma.steps.sellProductStep.userClickJualButton()
  * user fills in all product data                                               # com.shidqiadiatma.steps.sellProductStep.userFillsInAllProductData()
  * user click Terbitkan button                                                  # com.shidqiadiatma.steps.sellProductStep.userClickTerbitkanButton()
  Then user verify product uploaded successfully                                 # com.shidqiadiatma.steps.sellProductStep.userVerifyProductUploadedSuccessfully()
  * user take screenshot "user-sell-product-successfully"                        # com.shidqiadiatma.steps.commonStep.user_take_screenshot(java.lang.String)
]]></system-out>
    <system-err><![CDATA[[TestNG-test=regression test - secondhand binar-1] INFO io.github.bonigarcia.wdm.WebDriverManager - Using chromedriver 120.0.6099.109 (resolved driver for Chrome 120)
[TestNG-test=regression test - secondhand binar-1] INFO io.github.bonigarcia.wdm.WebDriverManager - Exporting webdriver.chrome.driver as C:\Users\adiat\.cache\selenium\chromedriver\win64\120.0.6099.109\chromedriver.exe
Jan 24, 2024 9:48:10 PM org.openqa.selenium.devtools.CdpVersionFinder findNearestMatch
WARNING: Unable to find an exact match for CDP version 120, returning the closest version; found: 119; Please update to a Selenium version that supports CDP version 120
]]></system-err>
  </testcase>
  <testcase name="runScenario[&quot;As a user, I can preview the product before selling it.&quot;, &quot;Update Profile&quot;](6)" classname="com.shidqiadiatma.runners.testRunner" time="3.399">
    <system-out><![CDATA[
@sell @sell @positive
Scenario: As a user, I can preview the product before selling it.                # src/test/java/com/shidqiadiatma/features/sellProduct.feature:15
  Given user navigate to url "https://secondhand.binaracademy.org/users/sign_in" # com.shidqiadiatma.steps.commonStep.navigateToUrl(java.lang.String)
  When user login using "correct registered credential"                          # com.shidqiadiatma.steps.loginStep.loginAs(java.lang.String)
  * user click jual button                                                       # com.shidqiadiatma.steps.sellProductStep.userClickJualButton()
  * user fills in all product data                                               # com.shidqiadiatma.steps.sellProductStep.userFillsInAllProductData()
  * user click Preview button                                                    # com.shidqiadiatma.steps.sellProductStep.userClickPreviewButton()
  Then user verify can see the preview screen                                    # com.shidqiadiatma.steps.sellProductStep.userVerifyCanSeeThePreviewScreen()
  * user take screenshot "user-is-on-preview-screen"                             # com.shidqiadiatma.steps.commonStep.user_take_screenshot(java.lang.String)
]]></system-out>
    <system-err><![CDATA[[TestNG-test=regression test - secondhand binar-1] INFO io.github.bonigarcia.wdm.WebDriverManager - Using chromedriver 120.0.6099.109 (resolved driver for Chrome 120)
[TestNG-test=regression test - secondhand binar-1] INFO io.github.bonigarcia.wdm.WebDriverManager - Exporting webdriver.chrome.driver as C:\Users\adiat\.cache\selenium\chromedriver\win64\120.0.6099.109\chromedriver.exe
Jan 24, 2024 9:48:14 PM org.openqa.selenium.devtools.CdpVersionFinder findNearestMatch
WARNING: Unable to find an exact match for CDP version 120, returning the closest version; found: 119; Please update to a Selenium version that supports CDP version 120
]]></system-err>
  </testcase>
  <testcase name="runScenario[&quot;As a user, I can&apos;t sell product if i not login&quot;, &quot;Update Profile&quot;](7)" classname="com.shidqiadiatma.runners.testRunner" time="1.452">
    <system-out><![CDATA[
@sell @sell @negative
Scenario Outline: As a user, I can't sell product if i not login                                        # src/test/java/com/shidqiadiatma/features/sellProduct.feature:33
  Given user navigate to url "https://secondhand.binaracademy.org/"                                     # com.shidqiadiatma.steps.commonStep.navigateToUrl(java.lang.String)
  When user click jual button                                                                           # com.shidqiadiatma.steps.sellProductStep.userClickJualButton()
  Then user verify snackbar error with value "You need to sign in or sign up before continuing." exists # com.shidqiadiatma.steps.loginStep.userVerifySnackbarErrorWithValue(java.lang.String)
  * user take screenshot "user-is-on-login-screen-and-failed-to-sell-product"                           # com.shidqiadiatma.steps.commonStep.user_take_screenshot(java.lang.String)
]]></system-out>
    <system-err><![CDATA[[TestNG-test=regression test - secondhand binar-1] INFO io.github.bonigarcia.wdm.WebDriverManager - Using chromedriver 120.0.6099.109 (resolved driver for Chrome 120)
[TestNG-test=regression test - secondhand binar-1] INFO io.github.bonigarcia.wdm.WebDriverManager - Exporting webdriver.chrome.driver as C:\Users\adiat\.cache\selenium\chromedriver\win64\120.0.6099.109\chromedriver.exe
Jan 24, 2024 9:48:18 PM org.openqa.selenium.devtools.CdpVersionFinder findNearestMatch
WARNING: Unable to find an exact match for CDP version 120, returning the closest version; found: 119; Please update to a Selenium version that supports CDP version 120
]]></system-err>
  </testcase>
  <testcase name="runScenario[&quot;As a user, I should be able to update profile&quot;, &quot;Update Profile&quot;](8)" classname="com.shidqiadiatma.runners.testRunner" time="3.404">
    <system-out><![CDATA[
@profile @profile @positive
Scenario: As a user, I should be able to update profile                          # src/test/java/com/shidqiadiatma/features/updateProfile.feature:5
  Given user navigate to url "https://secondhand.binaracademy.org/users/sign_in" # com.shidqiadiatma.steps.commonStep.navigateToUrl(java.lang.String)
  When user login using "correct registered credential"                          # com.shidqiadiatma.steps.loginStep.loginAs(java.lang.String)
  * user click profile icon                                                      # com.shidqiadiatma.steps.profileStep.userClickProfileIcon()
  * user change user profile data                                                # com.shidqiadiatma.steps.profileStep.userChangeProfileData()
  Then user verify profile data is changes                                       # com.shidqiadiatma.steps.profileStep.userVerifyProfileDataIsChanges()
  * user take screenshot "user-update-profile-successfully"                      # com.shidqiadiatma.steps.commonStep.user_take_screenshot(java.lang.String)
]]></system-out>
    <system-err><![CDATA[[TestNG-test=regression test - secondhand binar-1] INFO io.github.bonigarcia.wdm.WebDriverManager - Using chromedriver 120.0.6099.109 (resolved driver for Chrome 120)
[TestNG-test=regression test - secondhand binar-1] INFO io.github.bonigarcia.wdm.WebDriverManager - Exporting webdriver.chrome.driver as C:\Users\adiat\.cache\selenium\chromedriver\win64\120.0.6099.109\chromedriver.exe
Jan 24, 2024 9:48:20 PM org.openqa.selenium.devtools.CdpVersionFinder findNearestMatch
WARNING: Unable to find an exact match for CDP version 120, returning the closest version; found: 119; Please update to a Selenium version that supports CDP version 120
]]></system-err>
  </testcase>
</testsuite>